# JRE version: Java(TM) SE Runtime Environment (8.0_40-b25) (build 1.8.0_40-b25)
# Java VM: Java HotSpot(TM) 64-Bit Server VM (25.40-b25 mixed mode windows-amd64 compressed oops)
Heap:
 PSYoungGen      total 688128K, used 390132K [0x0000000780f00000, 0x00000007bb000000, 0x00000007c0000000)
  eden space 650752K, 54% used [0x0000000780f00000,0x000000079677f8c8,0x00000007a8a80000)
  from space 37376K, 99% used [0x00000007a8a80000,0x00000007aaefda20,0x00000007aaf00000)
  to   space 58880K, 0% used [0x00000007b7680000,0x00000007b7680000,0x00000007bb000000)
 ParOldGen       total 180736K, used 95706K [0x0000000702c00000, 0x000000070dc80000, 0x0000000780f00000)
  object space 180736K, 52% used [0x0000000702c00000,0x00000007089769c0,0x000000070dc80000)
 Metaspace       used 79108K, capacity 79896K, committed 80296K, reserved 1120256K
  class space    used 9386K, capacity 9550K, committed 9648K, reserved 1048576K
GC Heap History (10 events):
Event: 20.013 GC heap before
{Heap before GC invocations=16 (full 2):
 PSYoungGen      total 371712K, used 357983K [0x0000000780f00000, 0x00000007a0b00000, 0x00000007c0000000)
  eden space 343040K, 100% used [0x0000000780f00000,0x0000000795e00000,0x0000000795e00000)
  from space 28672K, 52% used [0x0000000795e00000,0x0000000796c97cd8,0x0000000797a00000)
  to   space 27648K, 0% used [0x000000079f000000,0x000000079f000000,0x00000007a0b00000)
 ParOldGen       total 128000K, used 54854K [0x0000000702c00000, 0x000000070a900000, 0x0000000780f00000)
  object space 128000K, 42% used [0x0000000702c00000,0x0000000706191bf8,0x000000070a900000)
 Metaspace       used 57655K, capacity 58138K, committed 58664K, reserved 1101824K
  class space    used 7042K, capacity 7150K, committed 7216K, reserved 1048576K
Event: 20.393 GC heap after
Heap after GC invocations=16 (full 2):
 PSYoungGen      total 489984K, used 24740K [0x0000000780f00000, 0x00000007a2d00000, 0x00000007c0000000)
  eden space 462336K, 0% used [0x0000000780f00000,0x0000000780f00000,0x000000079d280000)
  from space 27648K, 89% used [0x000000079f000000,0x00000007a0829208,0x00000007a0b00000)
  to   space 30208K, 0% used [0x000000079d280000,0x000000079d280000,0x000000079f000000)
 ParOldGen       total 128000K, used 57028K [0x0000000702c00000, 0x000000070a900000, 0x0000000780f00000)
  object space 128000K, 44% used [0x0000000702c00000,0x00000007063b1358,0x000000070a900000)
 Metaspace       used 57655K, capacity 58138K, committed 58664K, reserved 1101824K
  class space    used 7042K, capacity 7150K, committed 7216K, reserved 1048576K
}
Event: 21.072 GC heap before
{Heap before GC invocations=17 (full 2):
 PSYoungGen      total 489984K, used 153050K [0x0000000780f00000, 0x00000007a2d00000, 0x00000007c0000000)
  eden space 462336K, 27% used [0x0000000780f00000,0x0000000788c4d660,0x000000079d280000)
  from space 27648K, 89% used [0x000000079f000000,0x00000007a0829208,0x00000007a0b00000)
  to   space 30208K, 0% used [0x000000079d280000,0x000000079d280000,0x000000079f000000)
 ParOldGen       total 128000K, used 57028K [0x0000000702c00000, 0x000000070a900000, 0x0000000780f00000)
  object space 128000K, 44% used [0x0000000702c00000,0x00000007063b1358,0x000000070a900000)
 Metaspace       used 58299K, capacity 58732K, committed 59160K, reserved 1101824K
  class space    used 7113K, capacity 7217K, committed 7344K, reserved 1048576K
Event: 21.089 GC heap after
Heap after GC invocations=17 (full 2):
 PSYoungGen      total 492544K, used 11316K [0x0000000780f00000, 0x00000007acb80000, 0x00000007c0000000)
  eden space 462336K, 0% used [0x0000000780f00000,0x0000000780f00000,0x000000079d280000)
  from space 30208K, 37% used [0x000000079d280000,0x000000079dd8d120,0x000000079f000000)
  to   space 29184K, 0% used [0x00000007aaf00000,0x00000007aaf00000,0x00000007acb80000)
 ParOldGen       total 128000K, used 60668K [0x0000000702c00000, 0x000000070a900000, 0x0000000780f00000)
  object space 128000K, 47% used [0x0000000702c00000,0x000000070673f378,0x000000070a900000)
 Metaspace       used 58299K, capacity 58732K, committed 59160K, reserved 1101824K
  class space    used 7113K, capacity 7217K, committed 7344K, reserved 1048576K
}
Event: 21.089 GC heap before
{Heap before GC invocations=18 (full 3):
 PSYoungGen      total 492544K, used 11316K [0x0000000780f00000, 0x00000007acb80000, 0x00000007c0000000)
  eden space 462336K, 0% used [0x0000000780f00000,0x0000000780f00000,0x000000079d280000)
  from space 30208K, 37% used [0x000000079d280000,0x000000079dd8d120,0x000000079f000000)
  to   space 29184K, 0% used [0x00000007aaf00000,0x00000007aaf00000,0x00000007acb80000)
 ParOldGen       total 128000K, used 60668K [0x0000000702c00000, 0x000000070a900000, 0x0000000780f00000)
  object space 128000K, 47% used [0x0000000702c00000,0x000000070673f378,0x000000070a900000)
 Metaspace       used 58299K, capacity 58732K, committed 59160K, reserved 1101824K
  class space    used 7113K, capacity 7217K, committed 7344K, reserved 1048576K
Event: 21.353 GC heap after
Heap after GC invocations=18 (full 3):
 PSYoungGen      total 492544K, used 0K [0x0000000780f00000, 0x00000007acb80000, 0x00000007c0000000)
  eden space 462336K, 0% used [0x0000000780f00000,0x0000000780f00000,0x000000079d280000)
  from space 30208K, 0% used [0x000000079d280000,0x000000079d280000,0x000000079f000000)
  to   space 29184K, 0% used [0x00000007aaf00000,0x00000007aaf00000,0x00000007acb80000)
 ParOldGen       total 180736K, used 41850K [0x0000000702c00000, 0x000000070dc80000, 0x0000000780f00000)
  object space 180736K, 23% used [0x0000000702c00000,0x00000007054debb0,0x000000070dc80000)
 Metaspace       used 58299K, capacity 58732K, committed 59160K, reserved 1101824K
  class space    used 7113K, capacity 7217K, committed 7344K, reserved 1048576K
}
Event: 25.301 GC heap before
{Heap before GC invocations=19 (full 3):
 PSYoungGen      total 492544K, used 462336K [0x0000000780f00000, 0x00000007acb80000, 0x00000007c0000000)
  eden space 462336K, 100% used [0x0000000780f00000,0x000000079d280000,0x000000079d280000)
  from space 30208K, 0% used [0x000000079d280000,0x000000079d280000,0x000000079f000000)
  to   space 29184K, 0% used [0x00000007aaf00000,0x00000007aaf00000,0x00000007acb80000)
 ParOldGen       total 180736K, used 41850K [0x0000000702c00000, 0x000000070dc80000, 0x0000000780f00000)
  object space 180736K, 23% used [0x0000000702c00000,0x00000007054debb0,0x000000070dc80000)
 Metaspace       used 65046K, capacity 65584K, committed 66216K, reserved 1107968K
  class space    used 7903K, capacity 8045K, committed 8112K, reserved 1048576K
Event: 25.733 GC heap after
Heap after GC invocations=19 (full 3):
 PSYoungGen      total 679936K, used 29180K [0x0000000780f00000, 0x00000007ae800000, 0x00000007c0000000)
  eden space 650752K, 0% used [0x0000000780f00000,0x0000000780f00000,0x00000007a8a80000)
  from space 29184K, 99% used [0x00000007aaf00000,0x00000007acb7f240,0x00000007acb80000)
  to   space 37376K, 0% used [0x00000007a8a80000,0x00000007a8a80000,0x00000007aaf00000)
 ParOldGen       total 180736K, used 52487K [0x0000000702c00000, 0x000000070dc80000, 0x0000000780f00000)
  object space 180736K, 29% used [0x0000000702c00000,0x0000000705f41f08,0x000000070dc80000)
 Metaspace       used 65046K, capacity 65584K, committed 66216K, reserved 1107968K
  class space    used 7903K, capacity 8045K, committed 8112K, reserved 1048576K
}
Event: 55.144 GC heap before
{Heap before GC invocations=20 (full 3):
 PSYoungGen      total 679936K, used 679932K [0x0000000780f00000, 0x00000007ae800000, 0x00000007c0000000)
  eden space 650752K, 100% used [0x0000000780f00000,0x00000007a8a80000,0x00000007a8a80000)
  from space 29184K, 99% used [0x00000007aaf00000,0x00000007acb7f240,0x00000007acb80000)
  to   space 37376K, 0% used [0x00000007a8a80000,0x00000007a8a80000,0x00000007aaf00000)
 ParOldGen       total 180736K, used 52487K [0x0000000702c00000, 0x000000070dc80000, 0x0000000780f00000)
  object space 180736K, 29% used [0x0000000702c00000,0x0000000705f41f08,0x000000070dc80000)
 Metaspace       used 73763K, capacity 74338K, committed 75048K, reserved 1116160K
  class space    used 9019K, capacity 9168K, committed 9264K, reserved 1048576K
Event: 55.228 GC heap after
Heap after GC invocations=20 (full 3):
 PSYoungGen      total 688128K, used 37366K [0x0000000780f00000, 0x00000007bb000000, 0x00000007c0000000)
  eden space 650752K, 0% used [0x0000000780f00000,0x0000000780f00000,0x00000007a8a80000)
  from space 37376K, 99% used [0x00000007a8a80000,0x00000007aaefda20,0x00000007aaf00000)
  to   space 58880K, 0% used [0x00000007b7680000,0x00000007b7680000,0x00000007bb000000)
 ParOldGen       total 180736K, used 95706K [0x0000000702c00000, 0x000000070dc80000, 0x0000000780f00000)
  object space 180736K, 52% used [0x0000000702c00000,0x00000007089769c0,0x000000070dc80000)
 Metaspace       used 73763K, capacity 74338K, committed 75048K, reserved 1116160K
  class space    used 9019K, capacity 9168K, committed 9264K, reserved 1048576K
}

